<?xml version="1.0" encoding="UTF-8"?>
<testng-results ignored="0" total="2" passed="2" failed="0" skipped="0">
  <reporter-output>
  </reporter-output>
  <suite started-at="2022-04-05T11:04:46 IST" name="Default suite" finished-at="2022-04-05T11:04:53 IST" duration-ms="6840">
    <groups>
    </groups>
    <test started-at="2022-04-05T11:04:46 IST" name="Default test" finished-at="2022-04-05T11:04:53 IST" duration-ms="6840">
      <class name="com.example.apidemo.definitions.GETandPOSTDefinitions">
        <test-method signature="GETMethod()[pri:0, instance:com.example.apidemo.definitions.GETandPOSTDefinitions@52102734]" started-at="2022-04-05T11:04:46 IST" name="GETMethod" finished-at="2022-04-05T11:04:52 IST" duration-ms="5835" status="PASS">
          <reporter-output>
          </reporter-output>
        </test-method> <!-- GETMethod -->
        <test-method signature="POSTMethod()[pri:0, instance:com.example.apidemo.definitions.GETandPOSTDefinitions@52102734]" started-at="2022-04-05T11:04:52 IST" name="POSTMethod" finished-at="2022-04-05T11:04:53 IST" duration-ms="916" status="PASS">
          <reporter-output>
          </reporter-output>
        </test-method> <!-- POSTMethod -->
      </class> <!-- com.example.apidemo.definitions.GETandPOSTDefinitions -->
    </test> <!-- Default test -->
  </suite> <!-- Default suite -->
</testng-results>
