<?xml version="1.0" encoding="UTF-8"?>
<!-- Generated by org.testng.reporters.JUnitXMLReporter -->
<testsuite ignored="0" hostname="LAPTOP-GAGT7NNL" failures="0" tests="2" name="Default test" time="6.84" errors="0" timestamp="2022-04-05T11:04:53 IST">
  <testcase classname="com.example.apidemo.definitions.GETandPOSTDefinitions" name="GETMethod" time="5.835"/>
  <testcase classname="com.example.apidemo.definitions.GETandPOSTDefinitions" name="POSTMethod" time="0.916"/>
</testsuite> <!-- Default test -->
